<?xml version="1.0" encoding="utf-8"?>
<feed xmlns="http://www.w3.org/2005/Atom"><title>A personal site of Yijie He - Test tag</title><link href="https://yijiehe.github.io/" rel="alternate"></link><link href="https://yijiehe.github.io/feeds/test-tag.atom.xml" rel="self"></link><id>https://yijiehe.github.io/</id><updated>2020-09-01T00:00:00+00:00</updated><entry><title>Welcome to my page!</title><link href="https://yijiehe.github.io/H.html" rel="alternate"></link><published>2020-09-01T00:00:00+00:00</published><updated>2020-09-01T00:00:00+00:00</updated><author><name>Yijie</name></author><id>tag:yijiehe.github.io,2020-09-01:/H.html</id><summary type="html">&lt;p class="first last"&gt;Content for first assignment&lt;/p&gt;
</summary><content type="html">&lt;div class="section" id="project-euler"&gt;
&lt;h2&gt;Project Euler&lt;/h2&gt;
&lt;p&gt;Content&lt;/p&gt;
&lt;/div&gt;
</content><category term="Test tag"></category></entry></feed>